<?xml version="1.0" encoding="UTF-8"?>
<coverage generated="1617629554282" clover="3.2.0">
  <project timestamp="1617629554282" name="All files">
    <metrics statements="34" coveredstatements="16" conditionals="8" coveredconditionals="6" methods="5" coveredmethods="2" elements="47" coveredelements="24" complexity="0" loc="34" ncloc="34" packages="1" files="2" classes="2"/>
    <file name="index.js" path="E:\Documents\GithubRepos\web-programming-quiz-app\Week2\src\index.js">
      <metrics statements="18" coveredstatements="0" conditionals="2" coveredconditionals="0" methods="3" coveredmethods="0"/>
      <line num="3" count="0" type="stmt"/>
      <line num="5" count="0" type="stmt"/>
      <line num="7" count="0" type="stmt"/>
      <line num="9" count="0" type="stmt"/>
      <line num="10" count="0" type="stmt"/>
      <line num="14" count="0" type="stmt"/>
      <line num="15" count="0" type="stmt"/>
      <line num="16" count="0" type="stmt"/>
      <line num="17" count="0" type="stmt"/>
      <line num="18" count="0" type="stmt"/>
      <line num="19" count="0" type="stmt"/>
      <line num="20" count="0" type="stmt"/>
      <line num="24" count="0" type="stmt"/>
      <line num="26" count="0" type="cond" truecount="0" falsecount="2"/>
      <line num="27" count="0" type="stmt"/>
      <line num="29" count="0" type="stmt"/>
      <line num="32" count="0" type="stmt"/>
      <line num="33" count="0" type="stmt"/>
    </file>
    <file name="quizzes.js" path="E:\Documents\GithubRepos\web-programming-quiz-app\Week2\src\quizzes.js">
      <metrics statements="16" coveredstatements="16" conditionals="6" coveredconditionals="6" methods="2" coveredmethods="2"/>
      <line num="1" count="1" type="stmt"/>
      <line num="54" count="1" type="stmt"/>
      <line num="56" count="104" type="stmt"/>
      <line num="57" count="104" type="cond" truecount="2" falsecount="0"/>
      <line num="58" count="2" type="stmt"/>
      <line num="60" count="102" type="cond" truecount="2" falsecount="0"/>
      <line num="61" count="1" type="stmt"/>
      <line num="64" count="101" type="stmt"/>
      <line num="65" count="101" type="stmt"/>
      <line num="66" count="101" type="stmt"/>
      <line num="68" count="223" type="stmt"/>
      <line num="69" count="223" type="cond" truecount="2" falsecount="0"/>
      <line num="70" count="22" type="stmt"/>
      <line num="72" count="201" type="stmt"/>
      <line num="73" count="201" type="stmt"/>
      <line num="75" count="201" type="stmt"/>
    </file>
  </project>
</coverage>
