{"E:\\Documents\\GithubRepos\\web-programming-quiz-app\\Week2\\src\\index.js": {"path":"E:\\Documents\\GithubRepos\\web-programming-quiz-app\\Week2\\src\\index.js","statementMap":{"0":{"start":{"line":3,"column":23},"end":{"line":8,"column":1}},"1":{"start":{"line":5,"column":17},"end":{"line":5,"column":39}},"2":{"start":{"line":7,"column":4},"end":{"line":7,"column":21}},"3":{"start":{"line":9,"column":20},"end":{"line":22,"column":1}},"4":{"start":{"line":10,"column":54},"end":{"line":10,"column":58}},"5":{"start":{"line":14,"column":15},"end":{"line":14,"column":61}},"6":{"start":{"line":15,"column":4},"end":{"line":15,"column":66}},"7":{"start":{"line":16,"column":4},"end":{"line":16,"column":66}},"8":{"start":{"line":17,"column":4},"end":{"line":17,"column":66}},"9":{"start":{"line":18,"column":4},"end":{"line":18,"column":66}},"10":{"start":{"line":19,"column":20},"end":{"line":19,"column":56}},"11":{"start":{"line":20,"column":4},"end":{"line":20,"column":29}},"12":{"start":{"line":24,"column":21},"end":{"line":34,"column":1}},"13":{"start":{"line":26,"column":4},"end":{"line":30,"column":5}},"14":{"start":{"line":27,"column":8},"end":{"line":27,"column":57}},"15":{"start":{"line":29,"column":8},"end":{"line":29,"column":42}},"16":{"start":{"line":32,"column":17},"end":{"line":32,"column":89}},"17":{"start":{"line":33,"column":4},"end":{"line":33,"column":16}}},"fnMap":{"0":{"name":"(anonymous_0)","decl":{"start":{"line":3,"column":23},"end":{"line":3,"column":24}},"loc":{"start":{"line":3,"column":29},"end":{"line":8,"column":1}},"line":3},"1":{"name":"(anonymous_1)","decl":{"start":{"line":9,"column":20},"end":{"line":9,"column":21}},"loc":{"start":{"line":9,"column":30},"end":{"line":22,"column":1}},"line":9},"2":{"name":"(anonymous_2)","decl":{"start":{"line":24,"column":21},"end":{"line":24,"column":22}},"loc":{"start":{"line":24,"column":52},"end":{"line":34,"column":1}},"line":24}},"branchMap":{"0":{"loc":{"start":{"line":26,"column":4},"end":{"line":30,"column":5}},"type":"if","locations":[{"start":{"line":26,"column":4},"end":{"line":30,"column":5}},{"start":{"line":26,"column":4},"end":{"line":30,"column":5}}],"line":26}},"s":{"0":0,"1":0,"2":0,"3":0,"4":0,"5":0,"6":0,"7":0,"8":0,"9":0,"10":0,"11":0,"12":0,"13":0,"14":0,"15":0,"16":0,"17":0},"f":{"0":0,"1":0,"2":0},"b":{"0":[0,0]}}
,"E:\\Documents\\GithubRepos\\web-programming-quiz-app\\Week2\\src\\quizzes.js": {"path":"E:\\Documents\\GithubRepos\\web-programming-quiz-app\\Week2\\src\\quizzes.js","statementMap":{"0":{"start":{"line":1,"column":16},"end":{"line":52,"column":1}},"1":{"start":{"line":54,"column":32},"end":{"line":78,"column":1}},"2":{"start":{"line":56,"column":0},"end":{"line":56,"column":25}},"3":{"start":{"line":57,"column":0},"end":{"line":59,"column":1}},"4":{"start":{"line":58,"column":4},"end":{"line":58,"column":48}},"5":{"start":{"line":60,"column":0},"end":{"line":62,"column":1}},"6":{"start":{"line":61,"column":4},"end":{"line":61,"column":28}},"7":{"start":{"line":64,"column":18},"end":{"line":64,"column":37}},"8":{"start":{"line":65,"column":6},"end":{"line":65,"column":7}},"9":{"start":{"line":66,"column":0},"end":{"line":74,"column":1}},"10":{"start":{"line":68,"column":14},"end":{"line":68,"column":54}},"11":{"start":{"line":69,"column":4},"end":{"line":71,"column":5}},"12":{"start":{"line":70,"column":8},"end":{"line":70,"column":17}},"13":{"start":{"line":72,"column":4},"end":{"line":72,"column":21}},"14":{"start":{"line":73,"column":4},"end":{"line":73,"column":8}},"15":{"start":{"line":75,"column":0},"end":{"line":75,"column":48}},"16":{"start":{"line":75,"column":36},"end":{"line":75,"column":46}}},"fnMap":{"0":{"name":"(anonymous_0)","decl":{"start":{"line":54,"column":32},"end":{"line":54,"column":33}},"loc":{"start":{"line":54,"column":50},"end":{"line":78,"column":1}},"line":54},"1":{"name":"(anonymous_1)","decl":{"start":{"line":75,"column":33},"end":{"line":75,"column":34}},"loc":{"start":{"line":75,"column":36},"end":{"line":75,"column":46}},"line":75}},"branchMap":{"0":{"loc":{"start":{"line":57,"column":0},"end":{"line":59,"column":1}},"type":"if","locations":[{"start":{"line":57,"column":0},"end":{"line":59,"column":1}},{"start":{"line":57,"column":0},"end":{"line":59,"column":1}}],"line":57},"1":{"loc":{"start":{"line":60,"column":0},"end":{"line":62,"column":1}},"type":"if","locations":[{"start":{"line":60,"column":0},"end":{"line":62,"column":1}},{"start":{"line":60,"column":0},"end":{"line":62,"column":1}}],"line":60},"2":{"loc":{"start":{"line":69,"column":4},"end":{"line":71,"column":5}},"type":"if","locations":[{"start":{"line":69,"column":4},"end":{"line":71,"column":5}},{"start":{"line":69,"column":4},"end":{"line":71,"column":5}}],"line":69}},"s":{"0":1,"1":1,"2":104,"3":104,"4":2,"5":102,"6":1,"7":101,"8":101,"9":101,"10":223,"11":223,"12":22,"13":201,"14":201,"15":101,"16":201},"f":{"0":104,"1":201},"b":{"0":[2,102],"1":[1,101],"2":[22,201]},"_coverageSchema":"1a1c01bbd47fc00a2c39e90264f33305004495a9","hash":"919ef5901b21bb34ff94c34fb08538692fbb70ef"}
}
