TN:
SF:src\index.js
FN:3,(anonymous_0)
FN:9,(anonymous_1)
FN:24,(anonymous_2)
FNF:3
FNH:0
FNDA:0,(anonymous_0)
FNDA:0,(anonymous_1)
FNDA:0,(anonymous_2)
DA:3,0
DA:5,0
DA:7,0
DA:9,0
DA:10,0
DA:14,0
DA:15,0
DA:16,0
DA:17,0
DA:18,0
DA:19,0
DA:20,0
DA:24,0
DA:26,0
DA:27,0
DA:29,0
DA:32,0
DA:33,0
LF:18
LH:0
BRDA:26,0,0,0
BRDA:26,0,1,0
BRF:2
BRH:0
end_of_record
TN:
SF:src\quizzes.js
FN:54,(anonymous_0)
FN:75,(anonymous_1)
FNF:2
FNH:2
FNDA:104,(anonymous_0)
FNDA:201,(anonymous_1)
DA:1,1
DA:54,1
DA:56,104
DA:57,104
DA:58,2
DA:60,102
DA:61,1
DA:64,101
DA:65,101
DA:66,101
DA:68,223
DA:69,223
DA:70,22
DA:72,201
DA:73,201
DA:75,201
LF:16
LH:16
BRDA:57,0,0,2
BRDA:57,0,1,102
BRDA:60,1,0,1
BRDA:60,1,1,101
BRDA:69,2,0,22
BRDA:69,2,1,201
BRF:6
BRH:6
end_of_record
