{"E:\\Documents\\GithubRepos\\web-programming-quiz-app\\Week 4\\quiz\\src\\index.jsx": {"path":"E:\\Documents\\GithubRepos\\web-programming-quiz-app\\Week 4\\quiz\\src\\index.jsx","statementMap":{"0":{"start":{"line":6,"column":19},"end":{"line":11,"column":1}},"1":{"start":{"line":7,"column":4},"end":{"line":10,"column":6}},"2":{"start":{"line":12,"column":0},"end":{"line":12,"column":58}}},"fnMap":{"0":{"name":"(anonymous_0)","decl":{"start":{"line":6,"column":19},"end":{"line":6,"column":20}},"loc":{"start":{"line":6,"column":25},"end":{"line":11,"column":1}},"line":6}},"branchMap":{},"s":{"0":0,"1":0,"2":0},"f":{"0":0},"b":{}}
,"E:\\Documents\\GithubRepos\\web-programming-quiz-app\\Week 4\\quiz\\src\\match.jsx": {"path":"E:\\Documents\\GithubRepos\\web-programming-quiz-app\\Week 4\\quiz\\src\\match.jsx","statementMap":{"0":{"start":{"line":7,"column":8},"end":{"line":7,"column":21}},"1":{"start":{"line":8,"column":8},"end":{"line":10,"column":9}},"2":{"start":{"line":14,"column":8},"end":{"line":16,"column":9}},"3":{"start":{"line":15,"column":12},"end":{"line":15,"column":58}},"4":{"start":{"line":19,"column":18},"end":{"line":29,"column":5}},"5":{"start":{"line":20,"column":8},"end":{"line":27,"column":9}},"6":{"start":{"line":21,"column":12},"end":{"line":21,"column":27}},"7":{"start":{"line":22,"column":12},"end":{"line":24,"column":15}},"8":{"start":{"line":26,"column":12},"end":{"line":26,"column":28}},"9":{"start":{"line":31,"column":8},"end":{"line":31,"column":100}},"10":{"start":{"line":31,"column":52},"end":{"line":31,"column":77}},"11":{"start":{"line":35,"column":21},"end":{"line":35,"column":36}},"12":{"start":{"line":36,"column":8},"end":{"line":43,"column":16}}},"fnMap":{"0":{"name":"(anonymous_0)","decl":{"start":{"line":6,"column":4},"end":{"line":6,"column":5}},"loc":{"start":{"line":6,"column":23},"end":{"line":11,"column":5}},"line":6},"1":{"name":"(anonymous_1)","decl":{"start":{"line":13,"column":4},"end":{"line":13,"column":5}},"loc":{"start":{"line":13,"column":55},"end":{"line":17,"column":5}},"line":13},"2":{"name":"(anonymous_2)","decl":{"start":{"line":19,"column":18},"end":{"line":19,"column":19}},"loc":{"start":{"line":19,"column":31},"end":{"line":29,"column":5}},"line":19},"3":{"name":"(anonymous_3)","decl":{"start":{"line":30,"column":4},"end":{"line":30,"column":5}},"loc":{"start":{"line":30,"column":43},"end":{"line":33,"column":5}},"line":30},"4":{"name":"(anonymous_4)","decl":{"start":{"line":31,"column":48},"end":{"line":31,"column":49}},"loc":{"start":{"line":31,"column":52},"end":{"line":31,"column":77}},"line":31},"5":{"name":"(anonymous_5)","decl":{"start":{"line":34,"column":4},"end":{"line":34,"column":5}},"loc":{"start":{"line":34,"column":13},"end":{"line":44,"column":5}},"line":34}},"branchMap":{"0":{"loc":{"start":{"line":14,"column":8},"end":{"line":16,"column":9}},"type":"if","locations":[{"start":{"line":14,"column":8},"end":{"line":16,"column":9}},{"start":{"line":14,"column":8},"end":{"line":16,"column":9}}],"line":14},"1":{"loc":{"start":{"line":20,"column":8},"end":{"line":27,"column":9}},"type":"if","locations":[{"start":{"line":20,"column":8},"end":{"line":27,"column":9}},{"start":{"line":20,"column":8},"end":{"line":27,"column":9}}],"line":20}},"s":{"0":23,"1":23,"2":11,"3":2,"4":23,"5":21,"6":9,"7":9,"8":12,"9":136,"10":21,"11":34,"12":34},"f":{"0":23,"1":11,"2":21,"3":136,"4":21,"5":34},"b":{"0":[2,9],"1":[9,12]},"_coverageSchema":"1a1c01bbd47fc00a2c39e90264f33305004495a9","hash":"a6d3e99e17220239d9034fdbd6dc1bf511693a6f"}
,"E:\\Documents\\GithubRepos\\web-programming-quiz-app\\Week 4\\quiz\\src\\quiz.js": {"path":"E:\\Documents\\GithubRepos\\web-programming-quiz-app\\Week 4\\quiz\\src\\quiz.js","statementMap":{"0":{"start":{"line":1,"column":16},"end":{"line":52,"column":1}},"1":{"start":{"line":54,"column":32},"end":{"line":75,"column":1}},"2":{"start":{"line":55,"column":4},"end":{"line":57,"column":5}},"3":{"start":{"line":56,"column":8},"end":{"line":56,"column":55}},"4":{"start":{"line":58,"column":4},"end":{"line":60,"column":5}},"5":{"start":{"line":59,"column":8},"end":{"line":59,"column":32}},"6":{"start":{"line":62,"column":22},"end":{"line":62,"column":44}},"7":{"start":{"line":64,"column":12},"end":{"line":64,"column":13}},"8":{"start":{"line":65,"column":4},"end":{"line":72,"column":5}},"9":{"start":{"line":66,"column":18},"end":{"line":66,"column":58}},"10":{"start":{"line":67,"column":8},"end":{"line":69,"column":9}},"11":{"start":{"line":68,"column":12},"end":{"line":68,"column":21}},"12":{"start":{"line":70,"column":8},"end":{"line":70,"column":25}},"13":{"start":{"line":71,"column":8},"end":{"line":71,"column":12}},"14":{"start":{"line":73,"column":4},"end":{"line":73,"column":54}},"15":{"start":{"line":73,"column":42},"end":{"line":73,"column":52}}},"fnMap":{"0":{"name":"(anonymous_0)","decl":{"start":{"line":54,"column":32},"end":{"line":54,"column":33}},"loc":{"start":{"line":54,"column":53},"end":{"line":75,"column":1}},"line":54},"1":{"name":"(anonymous_1)","decl":{"start":{"line":73,"column":37},"end":{"line":73,"column":38}},"loc":{"start":{"line":73,"column":42},"end":{"line":73,"column":52}},"line":73}},"branchMap":{"0":{"loc":{"start":{"line":55,"column":4},"end":{"line":57,"column":5}},"type":"if","locations":[{"start":{"line":55,"column":4},"end":{"line":57,"column":5}},{"start":{"line":55,"column":4},"end":{"line":57,"column":5}}],"line":55},"1":{"loc":{"start":{"line":58,"column":4},"end":{"line":60,"column":5}},"type":"if","locations":[{"start":{"line":58,"column":4},"end":{"line":60,"column":5}},{"start":{"line":58,"column":4},"end":{"line":60,"column":5}}],"line":58},"2":{"loc":{"start":{"line":67,"column":8},"end":{"line":69,"column":9}},"type":"if","locations":[{"start":{"line":67,"column":8},"end":{"line":69,"column":9}},{"start":{"line":67,"column":8},"end":{"line":69,"column":9}}],"line":67}},"s":{"0":2,"1":2,"2":1038,"3":2,"4":1036,"5":1,"6":1035,"7":1035,"8":1035,"9":2264,"10":2264,"11":229,"12":2035,"13":2035,"14":1035,"15":2035},"f":{"0":1038,"1":2035},"b":{"0":[2,1036],"1":[1,1035],"2":[229,2035]},"_coverageSchema":"1a1c01bbd47fc00a2c39e90264f33305004495a9","hash":"d1c25921a55c2e1782badf6d5d035e075fdb20b4"}
}
