TN:
SF:src\index.jsx
FN:6,(anonymous_0)
FNF:1
FNH:0
FNDA:0,(anonymous_0)
DA:6,0
DA:7,0
DA:12,0
LF:3
LH:0
BRF:0
BRH:0
end_of_record
TN:
SF:src\match.jsx
FN:6,(anonymous_0)
FN:13,(anonymous_1)
FN:19,(anonymous_2)
FN:30,(anonymous_3)
FN:31,(anonymous_4)
FN:34,(anonymous_5)
FNF:6
FNH:6
FNDA:23,(anonymous_0)
FNDA:11,(anonymous_1)
FNDA:21,(anonymous_2)
FNDA:136,(anonymous_3)
FNDA:21,(anonymous_4)
FNDA:34,(anonymous_5)
DA:7,23
DA:8,23
DA:14,11
DA:15,2
DA:19,23
DA:20,21
DA:21,9
DA:22,9
DA:26,12
DA:31,136
DA:35,34
DA:36,34
LF:12
LH:12
BRDA:14,0,0,2
BRDA:14,0,1,9
BRDA:20,1,0,9
BRDA:20,1,1,12
BRF:4
BRH:4
end_of_record
TN:
SF:src\quiz.js
FN:54,(anonymous_0)
FN:73,(anonymous_1)
FNF:2
FNH:2
FNDA:1038,(anonymous_0)
FNDA:2035,(anonymous_1)
DA:1,2
DA:54,2
DA:55,1038
DA:56,2
DA:58,1036
DA:59,1
DA:62,1035
DA:64,1035
DA:65,1035
DA:66,2264
DA:67,2264
DA:68,229
DA:70,2035
DA:71,2035
DA:73,2035
LF:15
LH:15
BRDA:55,0,0,2
BRDA:55,0,1,1036
BRDA:58,1,0,1
BRDA:58,1,1,1035
BRDA:67,2,0,229
BRDA:67,2,1,2035
BRF:6
BRH:6
end_of_record
